<?xml version="1.0" encoding="UTF-8"?>
<!-- Generated by org.testng.reporters.JUnitReportReporter -->
<testsuite hostname="user-PC" failures="0" tests="1" name="testng.FetchDataFromProperty" time="0.016" errors="0" timestamp="2022-05-20T16:17:36 IST" skipped="0">
  <testcase classname="testng.FetchDataFromProperty" name="test" time="0.016"/>
  <system-out/>
</testsuite> <!-- testng.FetchDataFromProperty -->
