<?xml version="1.0" encoding="UTF-8"?>
<!-- Generated by org.testng.reporters.JUnitReportReporter -->
<testsuite hostname="user-PC" failures="0" tests="1" name="testng.Demo" time="13.783" errors="0" timestamp="2022-05-19T14:46:13 IST" skipped="0">
  <testcase classname="testng.Demo" name="test" time="13.783"/>
  <system-out/>
</testsuite> <!-- testng.Demo -->
