<?xml version="1.0" encoding="UTF-8"?>
<!-- Generated by org.testng.reporters.JUnitReportReporter -->
<testsuite hostname="user-PC" failures="0" tests="1" name="testng.ExtentReportExample" time="10.121" errors="0" timestamp="2022-05-20T20:05:55 IST" skipped="0">
  <testcase classname="testng.ExtentReportExample" name="test" time="10.121"/>
  <system-out/>
</testsuite> <!-- testng.ExtentReportExample -->
