<?xml version="1.0" encoding="UTF-8"?>
<!-- Generated by org.testng.reporters.JUnitReportReporter -->
<testsuite hostname="user-PC" failures="0" tests="6" name="testng.Basicscript" time="0.025" errors="0" timestamp="2022-05-19T15:19:55 IST" skipped="0">
  <testcase classname="testng.Basicscript" name="signup" time="0.013"/>
  <system-out/>
  <testcase classname="testng.Basicscript" name="signup" time="0.002"/>
  <system-out/>
  <testcase classname="testng.Basicscript" name="signup" time="0.002"/>
  <system-out/>
  <testcase classname="testng.Basicscript" name="order" time="0.005"/>
  <system-out/>
  <testcase classname="testng.Basicscript" name="signup" time="0.002"/>
  <system-out/>
  <testcase classname="testng.Basicscript" name="login" time="0.001"/>
  <system-out/>
</testsuite> <!-- testng.Basicscript -->
