<?xml version="1.0" encoding="UTF-8"?>
<!-- Generated by org.testng.reporters.JUnitReportReporter -->
<testsuite hostname="user-PC" failures="0" tests="2" name="testng.Sample" time="0.018" errors="0" timestamp="2022-05-03T11:30:38 IST" skipped="0">
  <testcase classname="testng.Sample" name="test" time="0.016"/>
  <system-out>
    <![CDATA[Beginning of Framework]]>
  </system-out>
  <testcase classname="testng.Sample" name="test1" time="0.002"/>
  <system-out>
    <![CDATA[End of Framework]]>
  </system-out>
</testsuite> <!-- testng.Sample -->
